TN:
SF:src/aws/aws-service-manager.ts
FN:59,(anonymous_0)
FN:71,(anonymous_1)
FN:88,(anonymous_2)
FN:165,(anonymous_3)
FN:214,(anonymous_4)
FN:269,(anonymous_5)
FN:274,(anonymous_6)
FN:296,(anonymous_7)
FN:365,(anonymous_8)
FN:407,(anonymous_9)
FN:415,(anonymous_10)
FN:437,(anonymous_11)
FN:481,(anonymous_12)
FNF:13
FNH:0
FNDA:0,(anonymous_0)
FNDA:0,(anonymous_1)
FNDA:0,(anonymous_2)
FNDA:0,(anonymous_3)
FNDA:0,(anonymous_4)
FNDA:0,(anonymous_5)
FNDA:0,(anonymous_6)
FNDA:0,(anonymous_7)
FNDA:0,(anonymous_8)
FNDA:0,(anonymous_9)
FNDA:0,(anonymous_10)
FNDA:0,(anonymous_11)
FNDA:0,(anonymous_12)
DA:1,0
DA:10,0
DA:17,0
DA:24,0
DA:29,0
DA:50,0
DA:60,0
DA:61,0
DA:62,0
DA:63,0
DA:64,0
DA:65,0
DA:72,0
DA:73,0
DA:74,0
DA:75,0
DA:76,0
DA:78,0
DA:79,0
DA:82,0
DA:93,0
DA:94,0
DA:96,0
DA:97,0
DA:100,0
DA:101,0
DA:103,0
DA:111,0
DA:112,0
DA:114,0
DA:121,0
DA:122,0
DA:124,0
DA:149,0
DA:153,0
DA:154,0
DA:156,0
DA:157,0
DA:158,0
DA:159,0
DA:161,0
DA:164,0
DA:165,0
DA:166,0
DA:168,0
DA:173,0
DA:174,0
DA:177,0
DA:189,0
DA:200,0
DA:201,0
DA:203,0
DA:222,0
DA:223,0
DA:227,0
DA:228,0
DA:230,0
DA:231,0
DA:233,0
DA:234,0
DA:239,0
DA:240,0
DA:242,0
DA:257,0
DA:258,0
DA:270,0
DA:271,0
DA:272,0
DA:274,0
DA:288,0
DA:289,0
DA:300,0
DA:301,0
DA:302,0
DA:304,0
DA:311,0
DA:314,0
DA:331,0
DA:336,0
DA:338,0
DA:353,0
DA:354,0
DA:369,0
DA:371,0
DA:382,0
DA:395,0
DA:398,0
DA:403,0
DA:406,0
DA:407,0
DA:409,0
DA:416,0
DA:417,0
DA:425,0
DA:428,0
DA:429,0
DA:438,0
DA:484,0
DA:485,0
DA:487,0
DA:489,0
LF:101
LH:0
BRDA:59,0,0,0
BRDA:72,1,0,0
BRDA:76,2,0,0
BRDA:76,2,1,0
BRDA:145,3,0,0
BRDA:145,3,1,0
BRDA:161,4,0,0
BRDA:161,4,1,0
BRDA:161,5,0,0
BRDA:161,5,1,0
BRDA:161,5,2,0
BRDA:173,6,0,0
BRDA:227,7,0,0
BRDA:230,8,0,0
BRDA:233,9,0,0
BRDA:274,10,0,0
BRDA:274,10,1,0
BRDA:276,11,0,0
BRDA:276,11,1,0
BRDA:278,12,0,0
BRDA:278,12,1,0
BRDA:306,13,0,0
BRDA:306,13,1,0
BRDA:409,14,0,0
BRDA:409,14,1,0
BRDA:428,15,0,0
BRF:26
BRH:0
end_of_record
TN:
SF:src/cli/init.ts
FN:18,initCommand
FN:47,collectConfig
FN:55,(anonymous_3)
FN:64,(anonymous_4)
FN:81,runOnboardingSteps
FN:83,(anonymous_6)
FN:84,(anonymous_7)
FN:85,(anonymous_8)
FN:86,(anonymous_9)
FN:87,(anonymous_10)
FN:88,(anonymous_11)
FN:105,createQIdentity
FN:132,createLocalEnvironment
FNF:13
FNH:0
FNDA:0,initCommand
FNDA:0,collectConfig
FNDA:0,(anonymous_3)
FNDA:0,(anonymous_4)
FNDA:0,runOnboardingSteps
FNDA:0,(anonymous_6)
FNDA:0,(anonymous_7)
FNDA:0,(anonymous_8)
FNDA:0,(anonymous_9)
FNDA:0,(anonymous_10)
FNDA:0,(anonymous_11)
FNDA:0,createQIdentity
FNDA:0,createLocalEnvironment
DA:1,0
DA:2,0
DA:3,0
DA:4,0
DA:6,0
DA:7,0
DA:8,0
DA:9,0
DA:18,0
DA:19,0
DA:20,0
DA:23,0
DA:26,0
DA:27,0
DA:30,0
DA:32,0
DA:33,0
DA:36,0
DA:38,0
DA:41,0
DA:42,0
DA:43,0
DA:48,0
DA:50,0
DA:51,0
DA:55,0
DA:59,0
DA:60,0
DA:65,0
DA:66,0
DA:71,0
DA:73,0
DA:82,0
DA:83,0
DA:84,0
DA:85,0
DA:86,0
DA:87,0
DA:88,0
DA:91,0
DA:92,0
DA:94,0
DA:95,0
DA:96,0
DA:97,0
DA:99,0
DA:100,0
DA:106,0
DA:109,0
DA:110,0
DA:111,0
DA:112,0
DA:116,0
DA:117,0
DA:118,0
DA:121,0
DA:122,0
DA:125,0
DA:127,0
DA:129,0
DA:133,0
DA:135,0
DA:137,0
DA:151,0
DA:154,0
DA:155,0
DA:158,0
DA:168,0
DA:170,0
DA:172,0
DA:173,0
LF:71
LH:0
BRDA:50,0,0,0
BRDA:55,1,0,0
BRDA:55,1,1,0
BRDA:59,2,0,0
BRDA:66,3,0,0
BRDA:66,3,1,0
BRDA:74,4,0,0
BRDA:74,4,1,0
BRDA:75,5,0,0
BRDA:75,5,1,0
BRDA:76,6,0,0
BRDA:76,6,1,0
BRDA:77,7,0,0
BRDA:77,7,1,0
BRDA:110,8,0,0
BRDA:154,9,0,0
BRF:16
BRH:0
end_of_record
TN:
SF:src/cli/nothing.ts
FN:3,nothingCommand
FNF:1
FNH:1
FNDA:2,nothingCommand
DA:1,1
DA:3,1
DA:4,2
DA:15,2
DA:16,2
LF:5
LH:5
BRF:0
BRH:0
end_of_record
TN:
SF:src/cli/q-history.ts
FN:11,qHistoryCommand
FN:40,(anonymous_2)
FN:58,(anonymous_3)
FN:59,(anonymous_4)
FN:79,qGitStatusCommand
FNF:5
FNH:0
FNDA:0,qHistoryCommand
FNDA:0,(anonymous_2)
FNDA:0,(anonymous_3)
FNDA:0,(anonymous_4)
FNDA:0,qGitStatusCommand
DA:7,0
DA:8,0
DA:9,0
DA:11,0
DA:12,0
DA:13,0
DA:14,0
DA:16,0
DA:18,0
DA:19,0
DA:21,0
DA:22,0
DA:23,0
DA:24,0
DA:28,0
DA:29,0
DA:31,0
DA:32,0
DA:33,0
DA:37,0
DA:38,0
DA:40,0
DA:41,0
DA:42,0
DA:43,0
DA:45,0
DA:46,0
DA:47,0
DA:48,0
DA:50,0
DA:51,0
DA:55,0
DA:58,0
DA:59,0
DA:61,0
DA:62,0
DA:63,0
DA:64,0
DA:66,0
DA:67,0
DA:68,0
DA:72,0
DA:73,0
DA:76,0
DA:79,0
DA:80,0
DA:81,0
DA:82,0
DA:84,0
DA:86,0
DA:87,0
DA:89,0
DA:90,0
DA:91,0
DA:94,0
DA:97,0
DA:99,0
DA:100,0
DA:101,0
DA:102,0
DA:104,0
DA:105,0
DA:108,0
DA:111,0
DA:112,0
DA:113,0
DA:114,0
DA:117,0
DA:118,0
DA:121,0
LF:70
LH:0
BRDA:11,0,0,0
BRDA:21,1,0,0
BRDA:29,2,0,0
BRDA:29,2,1,0
BRDA:31,3,0,0
BRDA:41,4,0,0
BRDA:41,4,1,0
BRDA:42,5,0,0
BRDA:42,5,1,0
BRDA:43,6,0,0
BRDA:43,6,1,0
BRDA:50,7,0,0
BRDA:66,8,0,0
BRDA:73,9,0,0
BRDA:73,9,1,0
BRDA:79,10,0,0
BRDA:89,11,0,0
BRDA:100,12,0,0
BRDA:100,12,1,0
BRDA:118,13,0,0
BRDA:118,13,1,0
BRF:21
BRH:0
end_of_record
TN:
SF:src/cli/q-task.ts
FN:14,qTaskCommand
FN:51,(anonymous_2)
FN:82,qStatusCommand
FN:129,showTaskExamples
FN:150,(anonymous_5)
FN:159,(anonymous_6)
FN:168,getNextLevelRequirement
FN:184,getSuccessRate
FNF:8
FNH:0
FNDA:0,qTaskCommand
FNDA:0,(anonymous_2)
FNDA:0,qStatusCommand
FNDA:0,showTaskExamples
FNDA:0,(anonymous_5)
FNDA:0,(anonymous_6)
FNDA:0,getNextLevelRequirement
FNDA:0,getSuccessRate
DA:7,0
DA:8,0
DA:9,0
DA:14,0
DA:15,0
DA:16,0
DA:17,0
DA:19,0
DA:20,0
DA:21,0
DA:22,0
DA:26,0
DA:27,0
DA:29,0
DA:30,0
DA:31,0
DA:34,0
DA:36,0
DA:37,0
DA:39,0
DA:40,0
DA:41,0
DA:42,0
DA:44,0
DA:45,0
DA:48,0
DA:49,0
DA:50,0
DA:51,0
DA:52,0
DA:56,0
DA:57,0
DA:58,0
DA:61,0
DA:62,0
DA:63,0
DA:65,0
DA:66,0
DA:67,0
DA:68,0
DA:69,0
DA:70,0
DA:74,0
DA:75,0
DA:82,0
DA:83,0
DA:84,0
DA:85,0
DA:88,0
DA:89,0
DA:91,0
DA:92,0
DA:93,0
DA:94,0
DA:98,0
DA:99,0
DA:100,0
DA:101,0
DA:103,0
DA:104,0
DA:105,0
DA:106,0
DA:108,0
DA:109,0
DA:110,0
DA:111,0
DA:112,0
DA:114,0
DA:115,0
DA:116,0
DA:117,0
DA:120,0
DA:121,0
DA:123,0
DA:130,0
DA:148,0
DA:149,0
DA:150,0
DA:151,0
DA:154,0
DA:155,0
DA:156,0
DA:157,0
DA:158,0
DA:159,0
DA:160,0
DA:169,0
DA:171,0
DA:173,0
DA:175,0
DA:177,0
DA:185,0
DA:186,0
DA:187,0
LF:94
LH:0
BRDA:19,0,0,0
BRDA:19,1,0,0
BRDA:19,1,1,0
BRDA:29,2,0,0
BRDA:39,3,0,0
BRDA:39,3,1,0
BRDA:44,4,0,0
BRDA:48,5,0,0
BRDA:48,6,0,0
BRDA:48,6,1,0
BRDA:56,7,0,0
BRDA:63,8,0,0
BRDA:63,8,1,0
BRDA:65,9,0,0
BRDA:91,10,0,0
BRDA:115,11,0,0
BRDA:115,11,1,0
BRDA:148,12,0,0
BRDA:148,12,1,0
BRDA:154,13,0,0
BRDA:155,14,0,0
BRDA:155,14,1,0
BRDA:169,15,0,0
BRDA:169,15,1,0
BRDA:169,15,2,0
BRDA:169,15,3,0
BRDA:186,16,0,0
BRF:27
BRH:0
end_of_record
TN:
SF:src/cli/verify.ts
FN:12,verifyCommand
FN:33,verifyPermissionRequest
FN:50,(anonymous_3)
FN:67,verifyCommits
FN:108,(anonymous_5)
FN:116,showAllPending
FN:149,interactiveVerification
FN:198,approveCommand
FN:206,(anonymous_9)
FN:219,denyCommand
FN:227,(anonymous_11)
FNF:11
FNH:0
FNDA:0,verifyCommand
FNDA:0,verifyPermissionRequest
FNDA:0,(anonymous_3)
FNDA:0,verifyCommits
FNDA:0,(anonymous_5)
FNDA:0,showAllPending
FNDA:0,interactiveVerification
FNDA:0,approveCommand
FNDA:0,(anonymous_9)
FNDA:0,denyCommand
FNDA:0,(anonymous_11)
DA:1,0
DA:2,0
DA:3,0
DA:4,0
DA:12,0
DA:13,0
DA:14,0
DA:16,0
DA:18,0
DA:20,0
DA:21,0
DA:23,0
DA:24,0
DA:26,0
DA:29,0
DA:34,0
DA:36,0
DA:45,0
DA:50,0
DA:54,0
DA:56,0
DA:57,0
DA:58,0
DA:59,0
DA:61,0
DA:62,0
DA:68,0
DA:71,0
DA:81,0
DA:84,0
DA:85,0
DA:86,0
DA:88,0
DA:97,0
DA:98,0
DA:99,0
DA:103,0
DA:108,0
DA:112,0
DA:113,0
DA:117,0
DA:120,0
DA:123,0
DA:133,0
DA:134,0
DA:137,0
DA:138,0
DA:139,0
DA:140,0
DA:141,0
DA:142,0
DA:144,0
DA:145,0
DA:150,0
DA:165,0
DA:167,0
DA:168,0
DA:170,0
DA:179,0
DA:180,0
DA:182,0
DA:183,0
DA:184,0
DA:185,0
DA:186,0
DA:187,0
DA:188,0
DA:190,0
DA:191,0
DA:193,0
DA:194,0
DA:198,0
DA:199,0
DA:201,0
DA:206,0
DA:210,0
DA:212,0
DA:213,0
DA:215,0
DA:219,0
DA:220,0
DA:222,0
DA:227,0
DA:231,0
DA:233,0
DA:234,0
DA:236,0
LF:87
LH:0
BRDA:18,0,0,0
BRDA:18,0,1,0
BRDA:21,1,0,0
BRDA:21,1,1,0
BRDA:21,2,0,0
BRDA:21,2,1,0
BRDA:23,3,0,0
BRDA:23,3,1,0
BRDA:23,4,0,0
BRDA:23,4,1,0
BRDA:24,5,0,0
BRDA:24,5,1,0
BRDA:50,6,0,0
BRDA:50,6,1,0
BRDA:56,7,0,0
BRDA:57,8,0,0
BRDA:57,8,1,0
BRDA:97,9,0,0
BRDA:108,10,0,0
BRDA:108,10,1,0
BRDA:144,11,0,0
BRDA:165,12,0,0
BRDA:165,12,1,0
BRDA:165,12,2,0
BRDA:165,12,3,0
BRDA:165,12,4,0
BRDA:206,13,0,0
BRDA:206,13,1,0
BRDA:212,14,0,0
BRDA:212,14,1,0
BRDA:227,15,0,0
BRDA:227,15,1,0
BRDA:233,16,0,0
BRDA:233,16,1,0
BRF:34
BRH:0
end_of_record
TN:
SF:src/lambda/demo-function.ts
FN:40,(anonymous_0)
FN:98,handleGetInfo
FN:125,handleGetLogs
FN:172,handleUpdateConfig
FN:211,handleAddFeature
FN:254,handleHealthCheck
FN:274,incrementVersion
FNF:7
FNH:0
FNDA:0,(anonymous_0)
FNDA:0,handleGetInfo
FNDA:0,handleGetLogs
FNDA:0,handleUpdateConfig
FNDA:0,handleAddFeature
FNDA:0,handleHealthCheck
FNDA:0,incrementVersion
DA:27,0
DA:40,0
DA:41,0
DA:44,0
DA:45,0
DA:47,0
DA:48,0
DA:50,0
DA:53,0
DA:56,0
DA:59,0
DA:62,0
DA:65,0
DA:79,0
DA:80,0
DA:99,0
DA:126,0
DA:149,0
DA:173,0
DA:174,0
DA:189,0
DA:190,0
DA:192,0
DA:212,0
DA:213,0
DA:228,0
DA:229,0
DA:230,0
DA:231,0
DA:234,0
DA:255,0
DA:275,0
DA:276,0
DA:277,0
LF:34
LH:0
BRDA:48,0,0,0
BRDA:48,0,1,0
BRDA:48,0,2,0
BRDA:48,0,3,0
BRDA:48,0,4,0
BRDA:48,0,5,0
BRDA:84,1,0,0
BRDA:84,1,1,0
BRDA:173,2,0,0
BRDA:173,3,0,0
BRDA:173,3,1,0
BRDA:212,4,0,0
BRDA:212,5,0,0
BRDA:212,5,1,0
BRDA:228,6,0,0
BRDA:276,7,0,0
BRDA:276,7,1,0
BRF:17
BRH:0
end_of_record
TN:
SF:src/lambda/index.ts
FN:4,(anonymous_0)
FN:72,handleOnboarding
FNF:2
FNH:0
FNDA:0,(anonymous_0)
FNDA:0,handleOnboarding
DA:2,0
DA:4,0
DA:8,0
DA:15,0
DA:16,0
DA:19,0
DA:20,0
DA:28,0
DA:31,0
DA:33,0
DA:36,0
DA:47,0
DA:58,0
DA:60,0
DA:77,0
DA:79,0
DA:80,0
DA:91,0
DA:93,0
DA:96,0
DA:98,0
DA:99,0
DA:100,0
DA:103,0
DA:104,0
DA:105,0
DA:108,0
DA:109,0
DA:110,0
DA:113,0
DA:114,0
DA:115,0
DA:118,0
DA:119,0
DA:120,0
DA:124,0
DA:125,0
DA:126,0
DA:127,0
DA:128,0
DA:130,0
DA:136,0
DA:150,0
DA:152,0
LF:44
LH:0
BRDA:19,0,0,0
BRDA:28,1,0,0
BRDA:28,1,1,0
BRDA:31,2,0,0
BRDA:31,2,1,0
BRDA:31,2,2,0
BRDA:65,3,0,0
BRDA:65,3,1,0
BRDA:77,4,0,0
BRDA:77,5,0,0
BRDA:79,6,0,0
BRDA:79,7,0,0
BRDA:79,7,1,0
BRDA:96,8,0,0
BRDA:96,8,1,0
BRDA:96,8,2,0
BRDA:96,8,3,0
BRDA:96,8,4,0
BRDA:96,8,5,0
BRDA:157,9,0,0
BRDA:157,9,1,0
BRF:21
BRH:0
end_of_record
TN:
SF:src/lambda/orchestrator.ts
FN:21,(anonymous_0)
FN:32,(anonymous_1)
FN:40,(anonymous_2)
FN:84,(anonymous_3)
FN:129,(anonymous_4)
FN:162,(anonymous_5)
FN:207,(anonymous_6)
FN:226,(anonymous_7)
FN:246,(anonymous_8)
FN:265,(anonymous_9)
FN:300,(anonymous_10)
FN:319,(anonymous_11)
FN:365,(anonymous_12)
FN:378,(anonymous_13)
FNF:14
FNH:0
FNDA:0,(anonymous_0)
FNDA:0,(anonymous_1)
FNDA:0,(anonymous_2)
FNDA:0,(anonymous_3)
FNDA:0,(anonymous_4)
FNDA:0,(anonymous_5)
FNDA:0,(anonymous_6)
FNDA:0,(anonymous_7)
FNDA:0,(anonymous_8)
FNDA:0,(anonymous_9)
FNDA:0,(anonymous_10)
FNDA:0,(anonymous_11)
FNDA:0,(anonymous_12)
FNDA:0,(anonymous_13)
DA:1,0
DA:2,0
DA:3,0
DA:4,0
DA:15,0
DA:22,0
DA:23,0
DA:24,0
DA:27,0
DA:34,0
DA:37,0
DA:41,0
DA:43,0
DA:61,0
DA:62,0
DA:74,0
DA:75,0
DA:78,0
DA:79,0
DA:85,0
DA:87,0
DA:105,0
DA:106,0
DA:119,0
DA:120,0
DA:123,0
DA:124,0
DA:130,0
DA:164,0
DA:172,0
DA:180,0
DA:188,0
DA:190,0
DA:208,0
DA:209,0
DA:215,0
DA:220,0
DA:221,0
DA:228,0
DA:229,0
DA:231,0
DA:238,0
DA:249,0
DA:257,0
DA:266,0
DA:269,0
DA:275,0
DA:283,0
DA:291,0
DA:302,0
DA:303,0
DA:305,0
DA:306,0
DA:315,0
DA:320,0
DA:366,0
DA:367,0
DA:368,0
DA:369,0
DA:370,0
DA:372,0
DA:374,0
DA:382,0
LF:63
LH:0
BRDA:78,0,0,0
BRDA:123,1,0,0
BRDA:188,2,0,0
BRDA:188,2,1,0
BRDA:220,3,0,0
BRDA:370,4,0,0
BRDA:370,4,1,0
BRDA:374,5,0,0
BRDA:374,5,1,0
BRF:9
BRH:0
end_of_record
TN:
SF:src/q/dialogue.ts
FN:6,(anonymous_1)
FN:10,(anonymous_2)
FN:18,(anonymous_3)
FN:31,(anonymous_4)
FN:52,(anonymous_5)
FN:66,(anonymous_6)
FNF:6
FNH:0
FNDA:0,(anonymous_1)
FNDA:0,(anonymous_2)
FNDA:0,(anonymous_3)
FNDA:0,(anonymous_4)
FNDA:0,(anonymous_5)
FNDA:0,(anonymous_6)
DA:1,0
DA:3,0
DA:7,0
DA:11,0
DA:19,0
DA:27,0
DA:28,0
DA:32,0
DA:53,0
DA:67,0
LF:10
LH:0
BRF:0
BRH:0
end_of_record
TN:
SF:src/q/git-identity.ts
FN:22,(anonymous_10)
FN:29,(anonymous_11)
FN:58,(anonymous_12)
FN:81,(anonymous_13)
FN:123,(anonymous_14)
FN:139,(anonymous_15)
FN:155,(anonymous_16)
FN:176,(anonymous_17)
FN:194,(anonymous_18)
FN:204,(anonymous_19)
FN:217,(anonymous_20)
FN:218,(anonymous_21)
FN:219,(anonymous_22)
FNF:13
FNH:0
FNDA:0,(anonymous_10)
FNDA:0,(anonymous_11)
FNDA:0,(anonymous_12)
FNDA:0,(anonymous_13)
FNDA:0,(anonymous_14)
FNDA:0,(anonymous_15)
FNDA:0,(anonymous_16)
FNDA:0,(anonymous_17)
FNDA:0,(anonymous_18)
FNDA:0,(anonymous_19)
FNDA:0,(anonymous_20)
FNDA:0,(anonymous_21)
FNDA:0,(anonymous_22)
DA:8,0
DA:10,0
DA:18,0
DA:20,0
DA:23,0
DA:30,0
DA:33,0
DA:36,0
DA:38,0
DA:39,0
DA:40,0
DA:42,0
DA:43,0
DA:44,0
DA:47,0
DA:50,0
DA:51,0
DA:59,0
DA:60,0
DA:61,0
DA:64,0
DA:65,0
DA:66,0
DA:68,0
DA:69,0
DA:70,0
DA:73,0
DA:74,0
DA:82,0
DA:85,0
DA:87,0
DA:89,0
DA:90,0
DA:94,0
DA:95,0
DA:98,0
DA:100,0
DA:101,0
DA:104,0
DA:106,0
DA:109,0
DA:111,0
DA:112,0
DA:114,0
DA:116,0
DA:124,0
DA:125,0
DA:126,0
DA:128,0
DA:129,0
DA:132,0
DA:147,0
DA:148,0
DA:153,0
DA:155,0
DA:156,0
DA:157,0
DA:168,0
DA:169,0
DA:177,0
DA:178,0
DA:179,0
DA:181,0
DA:183,0
DA:186,0
DA:187,0
DA:195,0
DA:205,0
DA:211,0
DA:218,0
DA:219,0
DA:221,0
DA:222,0
DA:224,0
DA:225,0
LF:75
LH:0
BRDA:59,0,0,0
BRDA:81,1,0,0
BRDA:129,2,0,0
BRDA:129,2,1,0
BRDA:139,3,0,0
BRF:5
BRH:0
end_of_record
TN:
SF:src/q/identity.ts
FN:8,(anonymous_9)
FN:44,(anonymous_10)
FN:51,(anonymous_11)
FN:75,(anonymous_12)
FN:77,(anonymous_13)
FN:102,(anonymous_14)
FN:119,(anonymous_15)
FN:126,(anonymous_16)
FN:139,(anonymous_17)
FN:155,(anonymous_18)
FN:167,(anonymous_19)
FN:206,(anonymous_20)
FN:251,(anonymous_21)
FN:252,(anonymous_22)
FN:253,(anonymous_23)
FN:265,(anonymous_24)
FNF:16
FNH:9
FNDA:2,(anonymous_9)
FNDA:5,(anonymous_10)
FNDA:5,(anonymous_11)
FNDA:0,(anonymous_12)
FNDA:0,(anonymous_13)
FNDA:0,(anonymous_14)
FNDA:0,(anonymous_15)
FNDA:2,(anonymous_16)
FNDA:0,(anonymous_17)
FNDA:0,(anonymous_18)
FNDA:0,(anonymous_19)
FNDA:5,(anonymous_20)
FNDA:5,(anonymous_21)
FNDA:5,(anonymous_22)
FNDA:5,(anonymous_23)
FNDA:7,(anonymous_24)
DA:8,2
DA:9,2
DA:10,2
DA:11,2
DA:40,2
DA:42,5
DA:45,5
DA:52,5
DA:53,5
DA:55,5
DA:67,5
DA:68,5
DA:69,5
DA:76,0
DA:77,0
DA:78,0
DA:79,0
DA:82,0
DA:83,0
DA:84,0
DA:88,0
DA:89,0
DA:90,0
DA:92,0
DA:93,0
DA:95,0
DA:103,0
DA:105,0
DA:106,0
DA:107,0
DA:108,0
DA:111,0
DA:112,0
DA:113,0
DA:120,0
DA:127,2
DA:129,2
DA:130,2
DA:131,2
DA:133,2
DA:140,0
DA:142,0
DA:143,0
DA:146,0
DA:148,0
DA:149,0
DA:156,0
DA:158,0
DA:159,0
DA:161,0
DA:168,0
DA:170,0
DA:171,0
DA:173,0
DA:176,0
DA:177,0
DA:178,0
DA:180,0
DA:184,0
DA:185,0
DA:186,0
DA:188,0
DA:192,0
DA:195,0
DA:196,0
DA:197,0
DA:200,0
DA:207,5
DA:209,5
DA:220,0
DA:231,0
DA:244,0
DA:252,10
DA:253,10
DA:256,5
DA:257,5
DA:259,5
DA:266,7
LF:78
LH:26
BRDA:8,0,0,2
BRDA:8,0,1,2
BRDA:44,1,0,0
BRDA:51,2,0,0
BRDA:82,3,0,0
BRDA:103,4,0,0
BRDA:127,5,0,0
BRDA:140,6,0,0
BRDA:156,7,0,0
BRDA:168,8,0,0
BRDA:173,9,0,0
BRDA:173,9,1,0
BRDA:173,9,2,0
BRDA:176,10,0,0
BRDA:184,11,0,0
BRDA:195,12,0,0
BRDA:207,13,0,5
BRDA:207,13,1,0
BRDA:207,13,2,0
BRDA:207,13,3,0
BRF:20
BRH:3
end_of_record
TN:
SF:src/q/task-executor.ts
FN:28,(anonymous_1)
FN:38,(anonymous_2)
FN:110,(anonymous_3)
FN:123,(anonymous_4)
FN:126,(anonymous_5)
FN:140,(anonymous_6)
FN:151,(anonymous_7)
FN:167,(anonymous_8)
FN:212,(anonymous_9)
FN:270,(anonymous_10)
FN:307,(anonymous_11)
FN:410,(anonymous_12)
FN:418,(anonymous_13)
FN:428,(anonymous_14)
FN:440,(anonymous_15)
FN:465,(anonymous_16)
FN:469,(anonymous_17)
FN:481,(anonymous_18)
FNF:18
FNH:0
FNDA:0,(anonymous_1)
FNDA:0,(anonymous_2)
FNDA:0,(anonymous_3)
FNDA:0,(anonymous_4)
FNDA:0,(anonymous_5)
FNDA:0,(anonymous_6)
FNDA:0,(anonymous_7)
FNDA:0,(anonymous_8)
FNDA:0,(anonymous_9)
FNDA:0,(anonymous_10)
FNDA:0,(anonymous_11)
FNDA:0,(anonymous_12)
FNDA:0,(anonymous_13)
FNDA:0,(anonymous_14)
FNDA:0,(anonymous_15)
FNDA:0,(anonymous_16)
FNDA:0,(anonymous_17)
FNDA:0,(anonymous_18)
DA:1,0
DA:2,0
DA:3,0
DA:4,0
DA:22,0
DA:29,0
DA:30,0
DA:31,0
DA:32,0
DA:39,0
DA:40,0
DA:41,0
DA:44,0
DA:47,0
DA:48,0
DA:51,0
DA:53,0
DA:55,0
DA:58,0
DA:70,0
DA:72,0
DA:83,0
DA:86,0
DA:96,0
DA:98,0
DA:111,0
DA:114,0
DA:116,0
DA:118,0
DA:120,0
DA:121,0
DA:123,0
DA:124,0
DA:125,0
DA:126,0
DA:127,0
DA:128,0
DA:130,0
DA:131,0
DA:134,0
DA:141,0
DA:142,0
DA:143,0
DA:145,0
DA:152,0
DA:154,0
DA:156,0
DA:158,0
DA:160,0
DA:168,0
DA:170,0
DA:172,0
DA:174,0
DA:181,0
DA:188,0
DA:190,0
DA:213,0
DA:216,0
DA:218,0
DA:219,0
DA:221,0
DA:232,0
DA:233,0
DA:248,0
DA:253,0
DA:271,0
DA:274,0
DA:275,0
DA:277,0
DA:280,0
DA:282,0
DA:287,0
DA:289,0
DA:294,0
DA:297,0
DA:299,0
DA:301,0
DA:302,0
DA:307,0
DA:311,0
DA:313,0
DA:315,0
DA:329,0
DA:331,0
DA:345,0
DA:349,0
DA:352,0
DA:354,0
DA:355,0
DA:362,0
DA:364,0
DA:389,0
DA:391,0
DA:411,0
DA:413,0
DA:414,0
DA:416,0
DA:418,0
DA:419,0
DA:420,0
DA:421,0
DA:424,0
DA:425,0
DA:428,0
DA:429,0
DA:430,0
DA:434,0
DA:442,0
DA:445,0
DA:451,0
DA:452,0
DA:453,0
DA:454,0
DA:459,0
DA:466,0
DA:469,0
DA:472,0
DA:473,0
DA:475,0
DA:482,0
DA:484,0
DA:485,0
DA:486,0
DA:487,0
DA:490,0
LF:125
LH:0
BRDA:47,0,0,0
BRDA:74,1,0,0
BRDA:74,1,1,0
BRDA:75,2,0,0
BRDA:75,2,1,0
BRDA:123,3,0,0
BRDA:123,3,1,0
BRDA:126,4,0,0
BRDA:126,4,1,0
BRDA:152,5,0,0
BRDA:152,5,1,0
BRDA:152,5,2,0
BRDA:152,5,3,0
BRDA:218,6,0,0
BRDA:232,7,0,0
BRDA:280,8,0,0
BRDA:280,8,1,0
BRDA:287,9,0,0
BRDA:287,9,1,0
BRDA:297,10,0,0
BRDA:297,10,1,0
BRDA:413,11,0,0
BRDA:413,11,1,0
BRDA:419,12,0,0
BRDA:419,12,1,0
BRDA:424,13,0,0
BRDA:428,14,0,0
BRDA:428,14,1,0
BRDA:429,15,0,0
BRDA:453,16,0,0
BRDA:453,17,0,0
BRDA:453,17,1,0
BRDA:484,18,0,0
BRDA:484,18,1,0
BRDA:484,19,0,0
BRDA:484,19,1,0
BRDA:484,19,2,0
BRDA:486,20,0,0
BRDA:486,20,1,0
BRDA:486,21,0,0
BRDA:486,21,1,0
BRDA:486,21,2,0
BRF:42
BRH:0
end_of_record
TN:
SF:src/q/verification.ts
FN:31,(anonymous_0)
FN:38,(anonymous_1)
FN:55,(anonymous_2)
FN:63,(anonymous_3)
FN:94,(anonymous_4)
FN:95,(anonymous_5)
FN:128,(anonymous_6)
FN:134,(anonymous_7)
FN:151,(anonymous_8)
FN:152,(anonymous_9)
FN:162,(anonymous_10)
FN:169,(anonymous_11)
FN:173,(anonymous_12)
FN:174,(anonymous_13)
FN:175,(anonymous_14)
FN:178,(anonymous_15)
FN:179,(anonymous_16)
FN:185,(anonymous_17)
FN:193,(anonymous_18)
FN:201,(anonymous_19)
FN:215,(anonymous_20)
FN:227,(anonymous_21)
FN:262,(anonymous_22)
FN:263,(anonymous_23)
FN:267,(anonymous_24)
FN:272,(anonymous_25)
FN:276,(anonymous_26)
FNF:27
FNH:0
FNDA:0,(anonymous_0)
FNDA:0,(anonymous_1)
FNDA:0,(anonymous_2)
FNDA:0,(anonymous_3)
FNDA:0,(anonymous_4)
FNDA:0,(anonymous_5)
FNDA:0,(anonymous_6)
FNDA:0,(anonymous_7)
FNDA:0,(anonymous_8)
FNDA:0,(anonymous_9)
FNDA:0,(anonymous_10)
FNDA:0,(anonymous_11)
FNDA:0,(anonymous_12)
FNDA:0,(anonymous_13)
FNDA:0,(anonymous_14)
FNDA:0,(anonymous_15)
FNDA:0,(anonymous_16)
FNDA:0,(anonymous_17)
FNDA:0,(anonymous_18)
FNDA:0,(anonymous_19)
FNDA:0,(anonymous_20)
FNDA:0,(anonymous_21)
FNDA:0,(anonymous_22)
FNDA:0,(anonymous_23)
FNDA:0,(anonymous_24)
FNDA:0,(anonymous_25)
FNDA:0,(anonymous_26)
DA:1,0
DA:2,0
DA:26,0
DA:28,0
DA:29,0
DA:32,0
DA:39,0
DA:40,0
DA:43,0
DA:44,0
DA:45,0
DA:49,0
DA:56,0
DA:57,0
DA:69,0
DA:70,0
DA:71,0
DA:73,0
DA:83,0
DA:84,0
DA:85,0
DA:88,0
DA:95,0
DA:97,0
DA:98,0
DA:99,0
DA:102,0
DA:103,0
DA:105,0
DA:114,0
DA:116,0
DA:117,0
DA:119,0
DA:122,0
DA:134,0
DA:136,0
DA:137,0
DA:138,0
DA:139,0
DA:141,0
DA:142,0
DA:143,0
DA:152,0
DA:153,0
DA:156,0
DA:169,0
DA:170,0
DA:173,0
DA:174,0
DA:175,0
DA:177,0
DA:178,0
DA:179,0
DA:181,0
DA:185,0
DA:194,0
DA:195,0
DA:196,0
DA:199,0
DA:201,0
DA:202,0
DA:203,0
DA:204,0
DA:205,0
DA:206,0
DA:207,0
DA:208,0
DA:211,0
DA:212,0
DA:216,0
DA:217,0
DA:218,0
DA:219,0
DA:220,0
DA:221,0
DA:222,0
DA:223,0
DA:224,0
DA:229,0
DA:239,0
DA:246,0
DA:247,0
DA:250,0
DA:251,0
DA:255,0
DA:256,0
DA:259,0
DA:263,0
DA:264,0
DA:268,0
DA:273,0
DA:277,0
DA:278,0
DA:279,0
DA:280,0
DA:281,0
LF:96
LH:0
BRDA:44,0,0,0
BRDA:71,1,0,0
BRDA:71,1,1,0
BRDA:83,2,0,0
BRDA:97,3,0,0
BRDA:109,4,0,0
BRDA:109,4,1,0
BRDA:116,5,0,0
BRDA:116,5,1,0
BRDA:136,6,0,0
BRDA:141,7,0,0
BRDA:141,8,0,0
BRDA:141,8,1,0
BRDA:156,9,0,0
BRDA:156,9,1,0
BRDA:170,10,0,0
BRDA:170,10,1,0
BRDA:183,11,0,0
BRDA:183,11,1,0
BRDA:184,12,0,0
BRDA:184,12,1,0
BRDA:185,13,0,0
BRDA:185,13,1,0
BRDA:194,14,0,0
BRDA:246,15,0,0
BRDA:250,16,0,0
BRDA:255,17,0,0
BRDA:255,18,0,0
BRDA:255,18,1,0
BRDA:264,19,0,0
BRDA:264,19,1,0
BRDA:277,20,0,0
BRDA:277,20,1,0
BRDA:277,20,2,0
BRDA:277,20,3,0
BRF:35
BRH:0
end_of_record
TN:
SF:src/q/workflow.ts
FN:29,(anonymous_0)
FN:37,(anonymous_1)
FN:62,(anonymous_2)
FN:77,(anonymous_3)
FN:84,(anonymous_4)
FN:122,(anonymous_5)
FN:125,(anonymous_6)
FN:126,(anonymous_7)
FN:141,(anonymous_8)
FN:152,(anonymous_9)
FN:158,(anonymous_10)
FN:189,(anonymous_11)
FN:196,(anonymous_12)
FN:197,(anonymous_13)
FN:211,(anonymous_14)
FN:212,(anonymous_15)
FN:221,(anonymous_16)
FN:237,(anonymous_17)
FN:246,(anonymous_18)
FN:247,(anonymous_19)
FN:275,(anonymous_20)
FN:289,(anonymous_21)
FNF:22
FNH:0
FNDA:0,(anonymous_0)
FNDA:0,(anonymous_1)
FNDA:0,(anonymous_2)
FNDA:0,(anonymous_3)
FNDA:0,(anonymous_4)
FNDA:0,(anonymous_5)
FNDA:0,(anonymous_6)
FNDA:0,(anonymous_7)
FNDA:0,(anonymous_8)
FNDA:0,(anonymous_9)
FNDA:0,(anonymous_10)
FNDA:0,(anonymous_11)
FNDA:0,(anonymous_12)
FNDA:0,(anonymous_13)
FNDA:0,(anonymous_14)
FNDA:0,(anonymous_15)
FNDA:0,(anonymous_16)
FNDA:0,(anonymous_17)
FNDA:0,(anonymous_18)
FNDA:0,(anonymous_19)
FNDA:0,(anonymous_20)
FNDA:0,(anonymous_21)
DA:1,0
DA:2,0
DA:3,0
DA:24,0
DA:26,0
DA:27,0
DA:30,0
DA:31,0
DA:38,0
DA:40,0
DA:42,0
DA:43,0
DA:46,0
DA:48,0
DA:50,0
DA:51,0
DA:53,0
DA:55,0
DA:67,0
DA:68,0
DA:72,0
DA:73,0
DA:77,0
DA:78,0
DA:79,0
DA:82,0
DA:84,0
DA:85,0
DA:89,0
DA:90,0
DA:92,0
DA:95,0
DA:97,0
DA:106,0
DA:107,0
DA:109,0
DA:110,0
DA:111,0
DA:113,0
DA:115,0
DA:123,0
DA:125,0
DA:126,0
DA:127,0
DA:128,0
DA:129,0
DA:130,0
DA:132,0
DA:136,0
DA:137,0
DA:138,0
DA:141,0
DA:142,0
DA:143,0
DA:144,0
DA:153,0
DA:154,0
DA:158,0
DA:159,0
DA:160,0
DA:163,0
DA:165,0
DA:168,0
DA:170,0
DA:171,0
DA:172,0
DA:173,0
DA:176,0
DA:177,0
DA:178,0
DA:180,0
DA:182,0
DA:196,0
DA:197,0
DA:199,0
DA:212,0
DA:214,0
DA:215,0
DA:216,0
DA:219,0
DA:221,0
DA:222,0
DA:223,0
DA:224,0
DA:225,0
DA:228,0
DA:229,0
DA:230,0
DA:231,0
DA:238,0
DA:239,0
DA:240,0
DA:242,0
DA:247,0
DA:248,0
DA:251,0
DA:276,0
DA:278,0
DA:279,0
DA:280,0
DA:281,0
DA:283,0
DA:284,0
DA:290,0
DA:292,0
DA:293,0
DA:295,0
LF:107
LH:0
BRDA:67,0,0,0
BRDA:72,1,0,0
BRDA:78,2,0,0
BRDA:90,3,0,0
BRDA:90,3,1,0
BRDA:127,4,0,0
BRDA:127,5,0,0
BRDA:127,5,1,0
BRDA:136,6,0,0
BRDA:142,7,0,0
BRDA:153,8,0,0
BRDA:159,9,0,0
BRDA:180,10,0,0
BRDA:180,10,1,0
BRDA:204,11,0,0
BRDA:204,11,1,0
BRDA:214,12,0,0
BRDA:278,13,0,0
BRF:18
BRH:0
end_of_record
